{"/govuk/collections/app/assets/javascripts.bak/support.js":{"path":"/govuk/collections/app/assets/javascripts.bak/support.js","s":{"1":1,"2":0,"3":1,"4":1,"5":1,"6":48},"b":{"1":[0,1],"2":[1,0],"3":[48,48,48]},"f":{"1":48},"fnMap":{"1":{"name":"(anonymous_1)","line":4,"loc":{"start":{"line":4,"column":31},"end":{"line":4,"column":42}}}},"statementMap":{"1":{"start":{"line":1,"column":0},"end":{"line":1,"column":61}},"2":{"start":{"line":1,"column":41},"end":{"line":1,"column":59}},"3":{"start":{"line":2,"column":0},"end":{"line":2,"column":77}},"4":{"start":{"line":2,"column":49},"end":{"line":2,"column":75}},"5":{"start":{"line":4,"column":0},"end":{"line":6,"column":1}},"6":{"start":{"line":5,"column":2},"end":{"line":5,"column":83}}},"branchMap":{"1":{"line":1,"type":"if","locations":[{"start":{"line":1,"column":0},"end":{"line":1,"column":0}},{"start":{"line":1,"column":0},"end":{"line":1,"column":0}}]},"2":{"line":2,"type":"if","locations":[{"start":{"line":2,"column":0},"end":{"line":2,"column":0}},{"start":{"line":2,"column":0},"end":{"line":2,"column":0}}]},"3":{"line":5,"type":"binary-expr","locations":[{"start":{"line":5,"column":9},"end":{"line":5,"column":23}},{"start":{"line":5,"column":27},"end":{"line":5,"column":51}},{"start":{"line":5,"column":55},"end":{"line":5,"column":82}}]}}},"/govuk/collections/app/assets/javascripts.bak/browse-columns.js":{"path":"/govuk/collections/app/assets/javascripts.bak/browse-columns.js","s":{"1":1,"2":1,"3":1,"4":1,"5":7,"6":1,"7":6,"8":0,"9":6,"10":0,"11":6,"12":6,"13":6,"14":6,"15":6,"16":6,"17":6,"18":6,"19":6,"20":6,"21":6,"22":6,"23":6,"24":0,"25":6,"26":6,"27":6,"28":6,"29":6,"30":6,"31":6,"32":1,"33":42,"34":42,"35":42,"36":42,"37":42,"38":0,"39":0,"40":0,"41":0,"42":0,"43":0,"44":0,"45":0,"46":0,"47":0,"48":0,"49":0,"50":0,"51":7,"52":4,"53":3,"54":0,"55":0,"56":0,"57":0,"58":0,"59":0,"60":0,"61":0,"62":0,"63":0,"64":0,"65":0,"66":0,"67":0,"68":0,"69":0,"70":0,"71":0,"72":0,"73":0,"74":0,"75":0,"76":0,"77":0,"78":1,"79":0,"80":0,"81":0,"82":0,"83":0,"84":0,"85":0,"86":0,"87":0,"88":0,"89":0,"90":0,"91":0,"92":0,"93":0,"94":0,"95":0,"96":0,"97":0,"98":0,"99":0,"100":0,"101":0,"102":0,"103":0,"104":0,"105":0,"106":0,"107":0,"108":0,"109":0,"110":0,"111":0,"112":0,"113":0,"114":0,"115":0,"116":0,"117":0,"118":0,"119":0,"120":0,"121":0,"122":0,"123":0,"124":0,"125":0,"126":0,"127":0,"128":0,"129":0,"130":0,"131":0,"132":0,"133":0,"134":0,"135":0,"136":0,"137":0,"138":1,"139":0,"140":0,"141":0,"142":0,"143":0,"144":0,"145":4,"146":4,"147":0,"148":4,"149":2,"150":2,"151":2,"152":2,"153":4,"154":0,"155":0,"156":52,"157":52,"158":50,"159":50,"160":2,"161":52,"162":0,"163":0,"164":0,"165":0,"166":0,"167":0,"168":0,"169":0,"170":0,"171":0,"172":0,"173":0,"174":0,"175":0,"176":0,"177":0,"178":0,"179":0,"180":0,"181":0,"182":0,"183":0,"184":0,"185":0,"186":0,"187":0,"188":1,"189":1,"190":1,"191":1,"192":1,"193":1,"194":0,"195":1,"196":0,"197":1,"198":1,"199":2,"200":2,"201":2,"202":1,"203":2,"204":1,"205":1,"206":1},"b":{"1":[1,0],"2":[1,6],"3":[0,6],"4":[0,6],"5":[6,0],"6":[6,0],"7":[6,0],"8":[42,0],"9":[42,0],"10":[0,0],"11":[0,0],"12":[0,0],"13":[4,3],"14":[0,0],"15":[0,0],"16":[0,0],"17":[0,0],"18":[0,0],"19":[0,0],"20":[0,4],"21":[2,2],"22":[50,2],"23":[0,0],"24":[0,0],"25":[0,0],"26":[0,0],"27":[0,0],"28":[0,0],"29":[0,1],"30":[0,1],"31":[0,1],"32":[2,0],"33":[2,2],"34":[1,1]},"f":{"1":1,"2":7,"3":42,"4":0,"5":0,"6":0,"7":7,"8":0,"9":0,"10":0,"11":0,"12":0,"13":0,"14":0,"15":0,"16":0,"17":0,"18":0,"19":0,"20":1,"21":0,"22":0,"23":0,"24":0,"25":4,"26":2,"27":0,"28":52,"29":0,"30":0,"31":0,"32":0,"33":0,"34":1,"35":1,"36":2,"37":1},"fnMap":{"1":{"name":"(anonymous_1)","line":1,"loc":{"start":{"line":1,"column":1},"end":{"line":1,"column":12}}},"2":{"name":"BrowseColumns","line":6,"loc":{"start":{"line":6,"column":2},"end":{"line":6,"column":33}}},"3":{"name":"(anonymous_3)","line":44,"loc":{"start":{"line":44,"column":14},"end":{"line":44,"column":25}}},"4":{"name":"(anonymous_4)","line":62,"loc":{"start":{"line":62,"column":23},"end":{"line":62,"column":33}}},"5":{"name":"(anonymous_5)","line":66,"loc":{"start":{"line":66,"column":23},"end":{"line":66,"column":38}}},"6":{"name":"(anonymous_6)","line":73,"loc":{"start":{"line":73,"column":16},"end":{"line":73,"column":26}}},"7":{"name":"(anonymous_7)","line":80,"loc":{"start":{"line":80,"column":18},"end":{"line":80,"column":46}}},"8":{"name":"(anonymous_8)","line":87,"loc":{"start":{"line":87,"column":15},"end":{"line":87,"column":25}}},"9":{"name":"(anonymous_9)","line":90,"loc":{"start":{"line":90,"column":14},"end":{"line":90,"column":24}}},"10":{"name":"(anonymous_10)","line":98,"loc":{"start":{"line":98,"column":17},"end":{"line":98,"column":32}}},"11":{"name":"(anonymous_11)","line":119,"loc":{"start":{"line":119,"column":32},"end":{"line":119,"column":42}}},"12":{"name":"(anonymous_12)","line":123,"loc":{"start":{"line":123,"column":39},"end":{"line":123,"column":49}}},"13":{"name":"afterAnimate","line":125,"loc":{"start":{"line":125,"column":6},"end":{"line":125,"column":29}}},"14":{"name":"(anonymous_14)","line":164,"loc":{"start":{"line":164,"column":33},"end":{"line":164,"column":43}}},"15":{"name":"(anonymous_15)","line":171,"loc":{"start":{"line":171,"column":20},"end":{"line":171,"column":35}}},"16":{"name":"(anonymous_16)","line":189,"loc":{"start":{"line":189,"column":32},"end":{"line":189,"column":42}}},"17":{"name":"(anonymous_17)","line":193,"loc":{"start":{"line":193,"column":39},"end":{"line":193,"column":49}}},"18":{"name":"(anonymous_18)","line":214,"loc":{"start":{"line":214,"column":66},"end":{"line":214,"column":76}}},"19":{"name":"(anonymous_19)","line":228,"loc":{"start":{"line":228,"column":14},"end":{"line":228,"column":28}}},"20":{"name":"(anonymous_20)","line":237,"loc":{"start":{"line":237,"column":14},"end":{"line":237,"column":29}}},"21":{"name":"(anonymous_21)","line":240,"loc":{"start":{"line":240,"column":25},"end":{"line":240,"column":45}}},"22":{"name":"(anonymous_22)","line":243,"loc":{"start":{"line":243,"column":34},"end":{"line":243,"column":64}}},"23":{"name":"(anonymous_23)","line":246,"loc":{"start":{"line":246,"column":16},"end":{"line":246,"column":29}}},"24":{"name":"(anonymous_24)","line":250,"loc":{"start":{"line":250,"column":19},"end":{"line":250,"column":29}}},"25":{"name":"(anonymous_25)","line":258,"loc":{"start":{"line":258,"column":20},"end":{"line":258,"column":35}}},"26":{"name":"(anonymous_26)","line":270,"loc":{"start":{"line":270,"column":16},"end":{"line":270,"column":30}}},"27":{"name":"(anonymous_27)","line":278,"loc":{"start":{"line":278,"column":22},"end":{"line":278,"column":45}}},"28":{"name":"(anonymous_28)","line":282,"loc":{"start":{"line":282,"column":19},"end":{"line":282,"column":37}}},"29":{"name":"(anonymous_29)","line":296,"loc":{"start":{"line":296,"column":20},"end":{"line":296,"column":30}}},"30":{"name":"(anonymous_30)","line":304,"loc":{"start":{"line":304,"column":26},"end":{"line":304,"column":55}}},"31":{"name":"(anonymous_31)","line":312,"loc":{"start":{"line":312,"column":14},"end":{"line":312,"column":35}}},"32":{"name":"(anonymous_32)","line":324,"loc":{"start":{"line":324,"column":14},"end":{"line":324,"column":25}}},"33":{"name":"(anonymous_33)","line":331,"loc":{"start":{"line":331,"column":14},"end":{"line":331,"column":25}}},"34":{"name":"(anonymous_34)","line":348,"loc":{"start":{"line":348,"column":23},"end":{"line":348,"column":39}}},"35":{"name":"(anonymous_35)","line":355,"loc":{"start":{"line":355,"column":19},"end":{"line":355,"column":34}}},"36":{"name":"(anonymous_36)","line":369,"loc":{"start":{"line":369,"column":18},"end":{"line":369,"column":77}}},"37":{"name":"(anonymous_37)","line":391,"loc":{"start":{"line":391,"column":4},"end":{"line":391,"column":14}}}},"statementMap":{"1":{"start":{"line":1,"column":0},"end":{"line":392,"column":5}},"2":{"start":{"line":3,"column":2},"end":{"line":3,"column":36}},"3":{"start":{"line":4,"column":2},"end":{"line":4,"column":24}},"4":{"start":{"line":6,"column":2},"end":{"line":42,"column":3}},"5":{"start":{"line":7,"column":4},"end":{"line":7,"column":40}},"6":{"start":{"line":7,"column":33},"end":{"line":7,"column":40}},"7":{"start":{"line":8,"column":4},"end":{"line":8,"column":40}},"8":{"start":{"line":8,"column":33},"end":{"line":8,"column":40}},"9":{"start":{"line":9,"column":4},"end":{"line":9,"column":39}},"10":{"start":{"line":9,"column":32},"end":{"line":9,"column":39}},"11":{"start":{"line":11,"column":4},"end":{"line":11,"column":27}},"12":{"start":{"line":12,"column":4},"end":{"line":12,"column":40}},"13":{"start":{"line":13,"column":4},"end":{"line":13,"column":46}},"14":{"start":{"line":14,"column":4},"end":{"line":14,"column":52}},"15":{"start":{"line":15,"column":4},"end":{"line":15,"column":48}},"16":{"start":{"line":16,"column":4},"end":{"line":16,"column":28}},"17":{"start":{"line":18,"column":4},"end":{"line":22,"column":5}},"18":{"start":{"line":19,"column":6},"end":{"line":19,"column":84}},"19":{"start":{"line":20,"column":6},"end":{"line":20,"column":38}},"20":{"start":{"line":21,"column":6},"end":{"line":21,"column":35}},"21":{"start":{"line":24,"column":4},"end":{"line":29,"column":5}},"22":{"start":{"line":25,"column":6},"end":{"line":25,"column":90}},"23":{"start":{"line":26,"column":6},"end":{"line":26,"column":41}},"24":{"start":{"line":28,"column":6},"end":{"line":28,"column":30}},"25":{"start":{"line":31,"column":4},"end":{"line":31,"column":47}},"26":{"start":{"line":32,"column":4},"end":{"line":34,"column":5}},"27":{"start":{"line":33,"column":6},"end":{"line":33,"column":33}},"28":{"start":{"line":35,"column":4},"end":{"line":35,"column":21}},"29":{"start":{"line":37,"column":4},"end":{"line":37,"column":66}},"30":{"start":{"line":39,"column":4},"end":{"line":39,"column":56}},"31":{"start":{"line":41,"column":4},"end":{"line":41,"column":55}},"32":{"start":{"line":43,"column":2},"end":{"line":387,"column":4}},"33":{"start":{"line":45,"column":6},"end":{"line":46,"column":22}},"34":{"start":{"line":47,"column":6},"end":{"line":49,"column":7}},"35":{"start":{"line":48,"column":8},"end":{"line":48,"column":61}},"36":{"start":{"line":51,"column":6},"end":{"line":53,"column":7}},"37":{"start":{"line":52,"column":8},"end":{"line":52,"column":15}},"38":{"start":{"line":55,"column":6},"end":{"line":61,"column":7}},"39":{"start":{"line":56,"column":8},"end":{"line":56,"column":38}},"40":{"start":{"line":57,"column":13},"end":{"line":61,"column":7}},"41":{"start":{"line":58,"column":8},"end":{"line":58,"column":52}},"42":{"start":{"line":60,"column":8},"end":{"line":60,"column":61}},"43":{"start":{"line":62,"column":6},"end":{"line":64,"column":20}},"44":{"start":{"line":63,"column":8},"end":{"line":63,"column":34}},"45":{"start":{"line":68,"column":6},"end":{"line":78,"column":7}},"46":{"start":{"line":70,"column":8},"end":{"line":70,"column":88}},"47":{"start":{"line":71,"column":8},"end":{"line":71,"column":63}},"48":{"start":{"line":72,"column":8},"end":{"line":75,"column":24}},"49":{"start":{"line":74,"column":12},"end":{"line":74,"column":58}},"50":{"start":{"line":77,"column":8},"end":{"line":77,"column":54}},"51":{"start":{"line":81,"column":6},"end":{"line":85,"column":7}},"52":{"start":{"line":82,"column":8},"end":{"line":82,"column":42}},"53":{"start":{"line":84,"column":8},"end":{"line":84,"column":42}},"54":{"start":{"line":88,"column":6},"end":{"line":88,"column":37}},"55":{"start":{"line":91,"column":6},"end":{"line":91,"column":29}},"56":{"start":{"line":92,"column":6},"end":{"line":92,"column":33}},"57":{"start":{"line":93,"column":6},"end":{"line":93,"column":45}},"58":{"start":{"line":95,"column":6},"end":{"line":95,"column":32}},"59":{"start":{"line":96,"column":6},"end":{"line":96,"column":27}},"60":{"start":{"line":99,"column":6},"end":{"line":99,"column":61}},"61":{"start":{"line":100,"column":6},"end":{"line":100,"column":80}},"62":{"start":{"line":101,"column":6},"end":{"line":101,"column":46}},"63":{"start":{"line":102,"column":6},"end":{"line":102,"column":33}},"64":{"start":{"line":103,"column":6},"end":{"line":103,"column":48}},"65":{"start":{"line":105,"column":6},"end":{"line":105,"column":48}},"66":{"start":{"line":106,"column":6},"end":{"line":106,"column":27}},"67":{"start":{"line":107,"column":6},"end":{"line":107,"column":36}},"68":{"start":{"line":109,"column":6},"end":{"line":109,"column":24}},"69":{"start":{"line":110,"column":6},"end":{"line":118,"column":7}},"70":{"start":{"line":112,"column":8},"end":{"line":112,"column":65}},"71":{"start":{"line":113,"column":13},"end":{"line":118,"column":7}},"72":{"start":{"line":114,"column":8},"end":{"line":114,"column":59}},"73":{"start":{"line":116,"column":8},"end":{"line":116,"column":41}},"74":{"start":{"line":117,"column":8},"end":{"line":117,"column":32}},"75":{"start":{"line":119,"column":6},"end":{"line":121,"column":20}},"76":{"start":{"line":120,"column":8},"end":{"line":120,"column":50}},"77":{"start":{"line":124,"column":6},"end":{"line":124,"column":32}},"78":{"start":{"line":125,"column":6},"end":{"line":134,"column":7}},"79":{"start":{"line":126,"column":8},"end":{"line":126,"column":38}},"80":{"start":{"line":128,"column":8},"end":{"line":128,"column":63}},"81":{"start":{"line":129,"column":8},"end":{"line":129,"column":40}},"82":{"start":{"line":130,"column":8},"end":{"line":130,"column":60}},"83":{"start":{"line":131,"column":8},"end":{"line":131,"column":44}},"84":{"start":{"line":132,"column":8},"end":{"line":132,"column":37}},"85":{"start":{"line":133,"column":8},"end":{"line":133,"column":22}},"86":{"start":{"line":137,"column":6},"end":{"line":137,"column":74}},"87":{"start":{"line":138,"column":6},"end":{"line":138,"column":30}},"88":{"start":{"line":139,"column":6},"end":{"line":139,"column":47}},"89":{"start":{"line":140,"column":6},"end":{"line":160,"column":7}},"90":{"start":{"line":141,"column":8},"end":{"line":143,"column":30}},"91":{"start":{"line":145,"column":8},"end":{"line":147,"column":30}},"92":{"start":{"line":149,"column":8},"end":{"line":153,"column":10}},"93":{"start":{"line":155,"column":8},"end":{"line":159,"column":10}},"94":{"start":{"line":161,"column":6},"end":{"line":161,"column":91}},"95":{"start":{"line":162,"column":6},"end":{"line":162,"column":17}},"96":{"start":{"line":165,"column":6},"end":{"line":165,"column":32}},"97":{"start":{"line":166,"column":6},"end":{"line":166,"column":36}},"98":{"start":{"line":167,"column":6},"end":{"line":167,"column":61}},"99":{"start":{"line":169,"column":6},"end":{"line":169,"column":27}},"100":{"start":{"line":172,"column":6},"end":{"line":172,"column":61}},"101":{"start":{"line":173,"column":6},"end":{"line":173,"column":80}},"102":{"start":{"line":174,"column":6},"end":{"line":174,"column":46}},"103":{"start":{"line":175,"column":6},"end":{"line":175,"column":33}},"104":{"start":{"line":176,"column":6},"end":{"line":176,"column":52}},"105":{"start":{"line":177,"column":6},"end":{"line":177,"column":51}},"106":{"start":{"line":178,"column":6},"end":{"line":178,"column":64}},"107":{"start":{"line":179,"column":6},"end":{"line":179,"column":27}},"108":{"start":{"line":180,"column":6},"end":{"line":180,"column":36}},"109":{"start":{"line":182,"column":6},"end":{"line":182,"column":24}},"110":{"start":{"line":183,"column":6},"end":{"line":188,"column":7}},"111":{"start":{"line":184,"column":8},"end":{"line":184,"column":65}},"112":{"start":{"line":186,"column":8},"end":{"line":186,"column":41}},"113":{"start":{"line":187,"column":8},"end":{"line":187,"column":32}},"114":{"start":{"line":189,"column":6},"end":{"line":191,"column":20}},"115":{"start":{"line":190,"column":8},"end":{"line":190,"column":53}},"116":{"start":{"line":194,"column":6},"end":{"line":194,"column":33}},"117":{"start":{"line":196,"column":6},"end":{"line":196,"column":74}},"118":{"start":{"line":197,"column":6},"end":{"line":197,"column":47}},"119":{"start":{"line":198,"column":6},"end":{"line":200,"column":28}},"120":{"start":{"line":201,"column":6},"end":{"line":213,"column":7}},"121":{"start":{"line":202,"column":8},"end":{"line":206,"column":10}},"122":{"start":{"line":208,"column":8},"end":{"line":212,"column":10}},"123":{"start":{"line":214,"column":6},"end":{"line":225,"column":20}},"124":{"start":{"line":215,"column":8},"end":{"line":215,"column":63}},"125":{"start":{"line":216,"column":8},"end":{"line":216,"column":32}},"126":{"start":{"line":217,"column":8},"end":{"line":217,"column":47}},"127":{"start":{"line":218,"column":8},"end":{"line":218,"column":41}},"128":{"start":{"line":220,"column":8},"end":{"line":220,"column":60}},"129":{"start":{"line":221,"column":8},"end":{"line":221,"column":40}},"130":{"start":{"line":222,"column":8},"end":{"line":222,"column":60}},"131":{"start":{"line":223,"column":8},"end":{"line":223,"column":37}},"132":{"start":{"line":224,"column":8},"end":{"line":224,"column":22}},"133":{"start":{"line":226,"column":6},"end":{"line":226,"column":17}},"134":{"start":{"line":229,"column":6},"end":{"line":230,"column":38}},"135":{"start":{"line":231,"column":6},"end":{"line":235,"column":7}},"136":{"start":{"line":232,"column":8},"end":{"line":232,"column":31}},"137":{"start":{"line":234,"column":8},"end":{"line":234,"column":28}},"138":{"start":{"line":238,"column":6},"end":{"line":238,"column":43}},"139":{"start":{"line":241,"column":6},"end":{"line":241,"column":69}},"140":{"start":{"line":244,"column":6},"end":{"line":244,"column":89}},"141":{"start":{"line":247,"column":6},"end":{"line":247,"column":41}},"142":{"start":{"line":248,"column":6},"end":{"line":248,"column":30}},"143":{"start":{"line":251,"column":6},"end":{"line":251,"column":42}},"144":{"start":{"line":252,"column":6},"end":{"line":252,"column":56}},"145":{"start":{"line":259,"column":6},"end":{"line":261,"column":50}},"146":{"start":{"line":263,"column":6},"end":{"line":275,"column":7}},"147":{"start":{"line":264,"column":8},"end":{"line":264,"column":39}},"148":{"start":{"line":265,"column":13},"end":{"line":275,"column":7}},"149":{"start":{"line":266,"column":8},"end":{"line":266,"column":34}},"150":{"start":{"line":268,"column":8},"end":{"line":274,"column":22}},"151":{"start":{"line":271,"column":10},"end":{"line":271,"column":57}},"152":{"start":{"line":273,"column":10},"end":{"line":273,"column":28}},"153":{"start":{"line":276,"column":6},"end":{"line":276,"column":17}},"154":{"start":{"line":279,"column":6},"end":{"line":279,"column":65}},"155":{"start":{"line":280,"column":6},"end":{"line":280,"column":71}},"156":{"start":{"line":283,"column":6},"end":{"line":286,"column":8}},"157":{"start":{"line":288,"column":6},"end":{"line":293,"column":7}},"158":{"start":{"line":289,"column":8},"end":{"line":289,"column":45}},"159":{"start":{"line":290,"column":8},"end":{"line":290,"column":48}},"160":{"start":{"line":292,"column":8},"end":{"line":292,"column":31}},"161":{"start":{"line":294,"column":6},"end":{"line":294,"column":17}},"162":{"start":{"line":297,"column":6},"end":{"line":298,"column":40}},"163":{"start":{"line":300,"column":6},"end":{"line":302,"column":7}},"164":{"start":{"line":301,"column":8},"end":{"line":301,"column":65}},"165":{"start":{"line":305,"column":6},"end":{"line":305,"column":51}},"166":{"start":{"line":306,"column":6},"end":{"line":309,"column":7}},"167":{"start":{"line":307,"column":8},"end":{"line":307,"column":41}},"168":{"start":{"line":308,"column":8},"end":{"line":308,"column":45}},"169":{"start":{"line":311,"column":6},"end":{"line":329,"column":22}},"170":{"start":{"line":313,"column":10},"end":{"line":313,"column":42}},"171":{"start":{"line":314,"column":10},"end":{"line":314,"column":32}},"172":{"start":{"line":316,"column":10},"end":{"line":316,"column":33}},"173":{"start":{"line":318,"column":10},"end":{"line":322,"column":11}},"174":{"start":{"line":319,"column":12},"end":{"line":319,"column":46}},"175":{"start":{"line":321,"column":12},"end":{"line":321,"column":43}},"176":{"start":{"line":325,"column":10},"end":{"line":328,"column":11}},"177":{"start":{"line":326,"column":12},"end":{"line":326,"column":53}},"178":{"start":{"line":327,"column":12},"end":{"line":327,"column":38}},"179":{"start":{"line":332,"column":6},"end":{"line":346,"column":7}},"180":{"start":{"line":334,"column":8},"end":{"line":334,"column":41}},"181":{"start":{"line":335,"column":8},"end":{"line":335,"column":27}},"182":{"start":{"line":337,"column":8},"end":{"line":337,"column":65}},"183":{"start":{"line":338,"column":8},"end":{"line":338,"column":37}},"184":{"start":{"line":340,"column":8},"end":{"line":342,"column":9}},"185":{"start":{"line":341,"column":10},"end":{"line":341,"column":17}},"186":{"start":{"line":344,"column":8},"end":{"line":344,"column":33}},"187":{"start":{"line":345,"column":8},"end":{"line":345,"column":41}},"188":{"start":{"line":352,"column":6},"end":{"line":352,"column":68}},"189":{"start":{"line":353,"column":6},"end":{"line":353,"column":53}},"190":{"start":{"line":356,"column":6},"end":{"line":356,"column":57}},"191":{"start":{"line":357,"column":6},"end":{"line":357,"column":74}},"192":{"start":{"line":358,"column":6},"end":{"line":358,"column":38}},"193":{"start":{"line":360,"column":6},"end":{"line":364,"column":7}},"194":{"start":{"line":361,"column":8},"end":{"line":361,"column":50}},"195":{"start":{"line":362,"column":13},"end":{"line":364,"column":7}},"196":{"start":{"line":363,"column":8},"end":{"line":363,"column":51}},"197":{"start":{"line":366,"column":6},"end":{"line":366,"column":65}},"198":{"start":{"line":367,"column":6},"end":{"line":367,"column":74}},"199":{"start":{"line":370,"column":6},"end":{"line":385,"column":7}},"200":{"start":{"line":371,"column":8},"end":{"line":374,"column":9}},"201":{"start":{"line":376,"column":8},"end":{"line":378,"column":9}},"202":{"start":{"line":377,"column":10},"end":{"line":377,"column":39}},"203":{"start":{"line":380,"column":8},"end":{"line":384,"column":10}},"204":{"start":{"line":389,"column":2},"end":{"line":389,"column":38}},"205":{"start":{"line":391,"column":2},"end":{"line":391,"column":86}},"206":{"start":{"line":391,"column":16},"end":{"line":391,"column":83}}},"branchMap":{"1":{"line":3,"type":"binary-expr","locations":[{"start":{"line":3,"column":17},"end":{"line":3,"column":29}},{"start":{"line":3,"column":33},"end":{"line":3,"column":35}}]},"2":{"line":7,"type":"if","locations":[{"start":{"line":7,"column":4},"end":{"line":7,"column":4}},{"start":{"line":7,"column":4},"end":{"line":7,"column":4}}]},"3":{"line":8,"type":"if","locations":[{"start":{"line":8,"column":4},"end":{"line":8,"column":4}},{"start":{"line":8,"column":4},"end":{"line":8,"column":4}}]},"4":{"line":9,"type":"if","locations":[{"start":{"line":9,"column":4},"end":{"line":9,"column":4}},{"start":{"line":9,"column":4},"end":{"line":9,"column":4}}]},"5":{"line":18,"type":"if","locations":[{"start":{"line":18,"column":4},"end":{"line":18,"column":4}},{"start":{"line":18,"column":4},"end":{"line":18,"column":4}}]},"6":{"line":24,"type":"if","locations":[{"start":{"line":24,"column":4},"end":{"line":24,"column":4}},{"start":{"line":24,"column":4},"end":{"line":24,"column":4}}]},"7":{"line":32,"type":"if","locations":[{"start":{"line":32,"column":4},"end":{"line":32,"column":4}},{"start":{"line":32,"column":4},"end":{"line":32,"column":4}}]},"8":{"line":47,"type":"if","locations":[{"start":{"line":47,"column":6},"end":{"line":47,"column":6}},{"start":{"line":47,"column":6},"end":{"line":47,"column":6}}]},"9":{"line":51,"type":"if","locations":[{"start":{"line":51,"column":6},"end":{"line":51,"column":6}},{"start":{"line":51,"column":6},"end":{"line":51,"column":6}}]},"10":{"line":55,"type":"if","locations":[{"start":{"line":55,"column":6},"end":{"line":55,"column":6}},{"start":{"line":55,"column":6},"end":{"line":55,"column":6}}]},"11":{"line":57,"type":"if","locations":[{"start":{"line":57,"column":13},"end":{"line":57,"column":13}},{"start":{"line":57,"column":13},"end":{"line":57,"column":13}}]},"12":{"line":68,"type":"if","locations":[{"start":{"line":68,"column":6},"end":{"line":68,"column":6}},{"start":{"line":68,"column":6},"end":{"line":68,"column":6}}]},"13":{"line":81,"type":"if","locations":[{"start":{"line":81,"column":6},"end":{"line":81,"column":6}},{"start":{"line":81,"column":6},"end":{"line":81,"column":6}}]},"14":{"line":110,"type":"if","locations":[{"start":{"line":110,"column":6},"end":{"line":110,"column":6}},{"start":{"line":110,"column":6},"end":{"line":110,"column":6}}]},"15":{"line":113,"type":"if","locations":[{"start":{"line":113,"column":13},"end":{"line":113,"column":13}},{"start":{"line":113,"column":13},"end":{"line":113,"column":13}}]},"16":{"line":140,"type":"if","locations":[{"start":{"line":140,"column":6},"end":{"line":140,"column":6}},{"start":{"line":140,"column":6},"end":{"line":140,"column":6}}]},"17":{"line":183,"type":"if","locations":[{"start":{"line":183,"column":6},"end":{"line":183,"column":6}},{"start":{"line":183,"column":6},"end":{"line":183,"column":6}}]},"18":{"line":201,"type":"if","locations":[{"start":{"line":201,"column":6},"end":{"line":201,"column":6}},{"start":{"line":201,"column":6},"end":{"line":201,"column":6}}]},"19":{"line":231,"type":"if","locations":[{"start":{"line":231,"column":6},"end":{"line":231,"column":6}},{"start":{"line":231,"column":6},"end":{"line":231,"column":6}}]},"20":{"line":263,"type":"if","locations":[{"start":{"line":263,"column":6},"end":{"line":263,"column":6}},{"start":{"line":263,"column":6},"end":{"line":263,"column":6}}]},"21":{"line":265,"type":"if","locations":[{"start":{"line":265,"column":13},"end":{"line":265,"column":13}},{"start":{"line":265,"column":13},"end":{"line":265,"column":13}}]},"22":{"line":288,"type":"if","locations":[{"start":{"line":288,"column":6},"end":{"line":288,"column":6}},{"start":{"line":288,"column":6},"end":{"line":288,"column":6}}]},"23":{"line":300,"type":"if","locations":[{"start":{"line":300,"column":6},"end":{"line":300,"column":6}},{"start":{"line":300,"column":6},"end":{"line":300,"column":6}}]},"24":{"line":306,"type":"if","locations":[{"start":{"line":306,"column":6},"end":{"line":306,"column":6}},{"start":{"line":306,"column":6},"end":{"line":306,"column":6}}]},"25":{"line":318,"type":"if","locations":[{"start":{"line":318,"column":10},"end":{"line":318,"column":10}},{"start":{"line":318,"column":10},"end":{"line":318,"column":10}}]},"26":{"line":325,"type":"if","locations":[{"start":{"line":325,"column":10},"end":{"line":325,"column":10}},{"start":{"line":325,"column":10},"end":{"line":325,"column":10}}]},"27":{"line":332,"type":"if","locations":[{"start":{"line":332,"column":6},"end":{"line":332,"column":6}},{"start":{"line":332,"column":6},"end":{"line":332,"column":6}}]},"28":{"line":340,"type":"if","locations":[{"start":{"line":340,"column":8},"end":{"line":340,"column":8}},{"start":{"line":340,"column":8},"end":{"line":340,"column":8}}]},"29":{"line":357,"type":"cond-expr","locations":[{"start":{"line":357,"column":36},"end":{"line":357,"column":62}},{"start":{"line":357,"column":65},"end":{"line":357,"column":73}}]},"30":{"line":360,"type":"if","locations":[{"start":{"line":360,"column":6},"end":{"line":360,"column":6}},{"start":{"line":360,"column":6},"end":{"line":360,"column":6}}]},"31":{"line":362,"type":"if","locations":[{"start":{"line":362,"column":13},"end":{"line":362,"column":13}},{"start":{"line":362,"column":13},"end":{"line":362,"column":13}}]},"32":{"line":370,"type":"if","locations":[{"start":{"line":370,"column":6},"end":{"line":370,"column":6}},{"start":{"line":370,"column":6},"end":{"line":370,"column":6}}]},"33":{"line":370,"type":"binary-expr","locations":[{"start":{"line":370,"column":10},"end":{"line":370,"column":25}},{"start":{"line":370,"column":29},"end":{"line":370,"column":58}}]},"34":{"line":376,"type":"if","locations":[{"start":{"line":376,"column":8},"end":{"line":376,"column":8}},{"start":{"line":376,"column":8},"end":{"line":376,"column":8}}]}}},"/govuk/collections/app/assets/javascripts.bak/organisation-list-filter.js":{"path":"/govuk/collections/app/assets/javascripts.bak/organisation-list-filter.js","s":{"1":1,"2":1,"3":1,"4":1,"5":2,"6":2,"7":2,"8":2,"9":2,"10":2,"11":2,"12":0,"13":2,"14":10,"15":10,"16":6,"17":6,"18":6,"19":6,"20":6,"21":24,"22":24,"23":6,"24":24,"25":24,"26":24,"27":12,"28":12,"29":24,"30":24,"31":8,"32":2,"33":6,"34":6,"35":12,"36":12,"37":12,"38":12,"39":12,"40":12,"41":12,"42":6,"43":6,"44":12,"45":6,"46":6,"47":4,"48":6,"49":1,"50":1},"b":{"1":[1,0],"2":[12,12],"3":[8,16],"4":[6,6],"5":[4,2]},"f":{"1":1,"2":2,"3":0,"4":10,"5":6,"6":6,"7":24,"8":24,"9":2,"10":6,"11":12,"12":1},"fnMap":{"1":{"name":"(anonymous_1)","line":1,"loc":{"start":{"line":1,"column":1},"end":{"line":1,"column":12}}},"2":{"name":"(anonymous_2)","line":8,"loc":{"start":{"line":8,"column":10},"end":{"line":8,"column":21}}},"3":{"name":"(anonymous_3)","line":20,"loc":{"start":{"line":20,"column":45},"end":{"line":20,"column":56}}},"4":{"name":"(anonymous_4)","line":25,"loc":{"start":{"line":25,"column":22},"end":{"line":25,"column":34}}},"5":{"name":"(anonymous_5)","line":28,"loc":{"start":{"line":28,"column":33},"end":{"line":28,"column":44}}},"6":{"name":"(anonymous_6)","line":33,"loc":{"start":{"line":33,"column":16},"end":{"line":33,"column":28}}},"7":{"name":"(anonymous_7)","line":38,"loc":{"start":{"line":38,"column":24},"end":{"line":38,"column":35}}},"8":{"name":"(anonymous_8)","line":46,"loc":{"start":{"line":46,"column":21},"end":{"line":46,"column":50}}},"9":{"name":"(anonymous_9)","line":64,"loc":{"start":{"line":64,"column":29},"end":{"line":64,"column":41}}},"10":{"name":"(anonymous_10)","line":68,"loc":{"start":{"line":68,"column":27},"end":{"line":68,"column":51}}},"11":{"name":"(anonymous_11)","line":71,"loc":{"start":{"line":71,"column":25},"end":{"line":71,"column":36}}},"12":{"name":"(anonymous_12)","line":96,"loc":{"start":{"line":96,"column":4},"end":{"line":96,"column":14}}}},"statementMap":{"1":{"start":{"line":1,"column":0},"end":{"line":97,"column":5}},"2":{"start":{"line":3,"column":2},"end":{"line":3,"column":36}},"3":{"start":{"line":5,"column":2},"end":{"line":5,"column":27}},"4":{"start":{"line":7,"column":2},"end":{"line":94,"column":4}},"5":{"start":{"line":10,"column":6},"end":{"line":10,"column":84}},"6":{"start":{"line":12,"column":6},"end":{"line":12,"column":50}},"7":{"start":{"line":13,"column":6},"end":{"line":13,"column":110}},"8":{"start":{"line":14,"column":6},"end":{"line":14,"column":54}},"9":{"start":{"line":15,"column":6},"end":{"line":15,"column":95}},"10":{"start":{"line":17,"column":6},"end":{"line":17,"column":62}},"11":{"start":{"line":20,"column":6},"end":{"line":20,"column":74}},"12":{"start":{"line":20,"column":58},"end":{"line":20,"column":71}},"13":{"start":{"line":22,"column":6},"end":{"line":22,"column":88}},"14":{"start":{"line":26,"column":6},"end":{"line":26,"column":34}},"15":{"start":{"line":28,"column":6},"end":{"line":30,"column":14}},"16":{"start":{"line":29,"column":8},"end":{"line":29,"column":42}},"17":{"start":{"line":34,"column":6},"end":{"line":34,"column":52}},"18":{"start":{"line":35,"column":6},"end":{"line":35,"column":52}},"19":{"start":{"line":36,"column":6},"end":{"line":36,"column":41}},"20":{"start":{"line":38,"column":6},"end":{"line":41,"column":31}},"21":{"start":{"line":39,"column":8},"end":{"line":39,"column":42}},"22":{"start":{"line":40,"column":8},"end":{"line":40,"column":84}},"23":{"start":{"line":43,"column":6},"end":{"line":43,"column":63}},"24":{"start":{"line":47,"column":6},"end":{"line":47,"column":32}},"25":{"start":{"line":49,"column":6},"end":{"line":49,"column":44}},"26":{"start":{"line":51,"column":6},"end":{"line":56,"column":7}},"27":{"start":{"line":52,"column":8},"end":{"line":52,"column":86}},"28":{"start":{"line":55,"column":8},"end":{"line":55,"column":86}},"29":{"start":{"line":58,"column":6},"end":{"line":58,"column":90}},"30":{"start":{"line":59,"column":6},"end":{"line":61,"column":7}},"31":{"start":{"line":60,"column":8},"end":{"line":60,"column":20}},"32":{"start":{"line":65,"column":6},"end":{"line":65,"column":70}},"33":{"start":{"line":69,"column":6},"end":{"line":69,"column":32}},"34":{"start":{"line":71,"column":6},"end":{"line":86,"column":9}},"35":{"start":{"line":72,"column":8},"end":{"line":72,"column":83}},"36":{"start":{"line":73,"column":8},"end":{"line":73,"column":73}},"37":{"start":{"line":74,"column":8},"end":{"line":74,"column":85}},"38":{"start":{"line":75,"column":8},"end":{"line":75,"column":77}},"39":{"start":{"line":76,"column":8},"end":{"line":76,"column":98}},"40":{"start":{"line":78,"column":8},"end":{"line":78,"column":80}},"41":{"start":{"line":80,"column":8},"end":{"line":83,"column":9}},"42":{"start":{"line":81,"column":10},"end":{"line":81,"column":49}},"43":{"start":{"line":82,"column":10},"end":{"line":82,"column":59}},"44":{"start":{"line":85,"column":8},"end":{"line":85,"column":46}},"45":{"start":{"line":88,"column":6},"end":{"line":88,"column":33}},"46":{"start":{"line":89,"column":6},"end":{"line":91,"column":7}},"47":{"start":{"line":90,"column":8},"end":{"line":90,"column":30}},"48":{"start":{"line":92,"column":6},"end":{"line":92,"column":55}},"49":{"start":{"line":96,"column":2},"end":{"line":96,"column":39}},"50":{"start":{"line":96,"column":16},"end":{"line":96,"column":36}}},"branchMap":{"1":{"line":3,"type":"binary-expr","locations":[{"start":{"line":3,"column":17},"end":{"line":3,"column":29}},{"start":{"line":3,"column":33},"end":{"line":3,"column":35}}]},"2":{"line":51,"type":"if","locations":[{"start":{"line":51,"column":6},"end":{"line":51,"column":6}},{"start":{"line":51,"column":6},"end":{"line":51,"column":6}}]},"3":{"line":59,"type":"if","locations":[{"start":{"line":59,"column":6},"end":{"line":59,"column":6}},{"start":{"line":59,"column":6},"end":{"line":59,"column":6}}]},"4":{"line":80,"type":"if","locations":[{"start":{"line":80,"column":8},"end":{"line":80,"column":8}},{"start":{"line":80,"column":8},"end":{"line":80,"column":8}}]},"5":{"line":89,"type":"if","locations":[{"start":{"line":89,"column":6},"end":{"line":89,"column":6}},{"start":{"line":89,"column":6},"end":{"line":89,"column":6}}]}}},"/govuk/collections/app/assets/javascripts.bak/modules/current-location.js":{"path":"/govuk/collections/app/assets/javascripts.bak/modules/current-location.js","s":{"1":1,"2":1,"3":1,"4":43},"b":{"1":[1,0]},"f":{"1":1,"2":43},"fnMap":{"1":{"name":"(anonymous_1)","line":1,"loc":{"start":{"line":1,"column":1},"end":{"line":1,"column":16}}},"2":{"name":"(anonymous_2)","line":5,"loc":{"start":{"line":5,"column":34},"end":{"line":5,"column":44}}}},"statementMap":{"1":{"start":{"line":1,"column":0},"end":{"line":8,"column":11}},"2":{"start":{"line":3,"column":2},"end":{"line":3,"column":32}},"3":{"start":{"line":5,"column":2},"end":{"line":7,"column":4}},"4":{"start":{"line":6,"column":4},"end":{"line":6,"column":25}}},"branchMap":{"1":{"line":3,"type":"binary-expr","locations":[{"start":{"line":3,"column":15},"end":{"line":3,"column":25}},{"start":{"line":3,"column":29},"end":{"line":3,"column":31}}]}}},"/govuk/collections/app/assets/javascripts.bak/modules/feeds.js":{"path":"/govuk/collections/app/assets/javascripts.bak/modules/feeds.js","s":{"1":1,"2":1,"3":1,"4":1,"5":0,"6":0,"7":0,"8":0,"9":1,"10":1},"b":{"1":[1,0]},"f":{"1":1,"2":1,"3":0,"4":1},"fnMap":{"1":{"name":"(anonymous_1)","line":4,"loc":{"start":{"line":4,"column":1},"end":{"line":4,"column":12}}},"2":{"name":"(anonymous_2)","line":9,"loc":{"start":{"line":9,"column":10},"end":{"line":9,"column":21}}},"3":{"name":"(anonymous_3)","line":12,"loc":{"start":{"line":12,"column":12},"end":{"line":12,"column":24}}},"4":{"name":"(anonymous_4)","line":20,"loc":{"start":{"line":20,"column":4},"end":{"line":20,"column":14}}}},"statementMap":{"1":{"start":{"line":4,"column":0},"end":{"line":21,"column":5}},"2":{"start":{"line":6,"column":2},"end":{"line":6,"column":36}},"3":{"start":{"line":8,"column":2},"end":{"line":18,"column":4}},"4":{"start":{"line":10,"column":6},"end":{"line":10,"column":59}},"5":{"start":{"line":13,"column":6},"end":{"line":13,"column":25}},"6":{"start":{"line":14,"column":6},"end":{"line":14,"column":57}},"7":{"start":{"line":15,"column":6},"end":{"line":15,"column":21}},"8":{"start":{"line":16,"column":6},"end":{"line":16,"column":35}},"9":{"start":{"line":20,"column":2},"end":{"line":20,"column":38}},"10":{"start":{"line":20,"column":16},"end":{"line":20,"column":35}}},"branchMap":{"1":{"line":6,"type":"binary-expr","locations":[{"start":{"line":6,"column":17},"end":{"line":6,"column":29}},{"start":{"line":6,"column":33},"end":{"line":6,"column":35}}]}}},"/govuk/collections/app/assets/javascripts.bak/modules/toggle-attribute.js":{"path":"/govuk/collections/app/assets/javascripts.bak/modules/toggle-attribute.js","s":{"1":1,"2":1,"3":1,"4":1,"5":2,"6":2,"7":2,"8":2,"9":2,"10":2,"11":2,"12":2},"b":{"1":[1,0],"2":[1,0],"3":[1,1]},"f":{"1":1,"2":2,"3":2,"4":2},"fnMap":{"1":{"name":"(anonymous_1)","line":4,"loc":{"start":{"line":4,"column":1},"end":{"line":4,"column":20}}},"2":{"name":"(anonymous_2)","line":7,"loc":{"start":{"line":7,"column":28},"end":{"line":7,"column":40}}},"3":{"name":"(anonymous_3)","line":8,"loc":{"start":{"line":8,"column":17},"end":{"line":8,"column":37}}},"4":{"name":"(anonymous_4)","line":9,"loc":{"start":{"line":9,"column":53},"end":{"line":9,"column":70}}}},"statementMap":{"1":{"start":{"line":1,"column":0},"end":{"line":1,"column":33}},"2":{"start":{"line":2,"column":0},"end":{"line":2,"column":50}},"3":{"start":{"line":4,"column":0},"end":{"line":20,"column":24}},"4":{"start":{"line":7,"column":2},"end":{"line":19,"column":3}},"5":{"start":{"line":8,"column":4},"end":{"line":18,"column":5}},"6":{"start":{"line":9,"column":6},"end":{"line":17,"column":8}},"7":{"start":{"line":10,"column":8},"end":{"line":10,"column":34}},"8":{"start":{"line":11,"column":8},"end":{"line":11,"column":75}},"9":{"start":{"line":12,"column":8},"end":{"line":12,"column":59}},"10":{"start":{"line":13,"column":8},"end":{"line":13,"column":70}},"11":{"start":{"line":14,"column":8},"end":{"line":14,"column":66}},"12":{"start":{"line":16,"column":8},"end":{"line":16,"column":92}}},"branchMap":{"1":{"line":1,"type":"binary-expr","locations":[{"start":{"line":1,"column":15},"end":{"line":1,"column":27}},{"start":{"line":1,"column":31},"end":{"line":1,"column":33}}]},"2":{"line":2,"type":"binary-expr","locations":[{"start":{"line":2,"column":23},"end":{"line":2,"column":43}},{"start":{"line":2,"column":47},"end":{"line":2,"column":49}}]},"3":{"line":16,"type":"cond-expr","locations":[{"start":{"line":16,"column":70},"end":{"line":16,"column":78}},{"start":{"line":16,"column":81},"end":{"line":16,"column":91}}]}}},"/govuk/collections/app/assets/javascripts.bak/components/accordion.js":{"path":"/govuk/collections/app/assets/javascripts.bak/components/accordion.js","s":{"1":1,"2":1,"3":1,"4":24,"5":24,"6":27,"7":27,"8":27,"9":27,"10":27,"11":27,"12":27,"13":27,"14":27,"15":27,"16":27,"17":27,"18":27,"19":27,"20":27,"21":27,"22":1,"23":0,"24":0,"25":0,"26":1,"27":27,"28":1,"29":27,"30":1,"31":27,"32":27,"33":27,"34":54,"35":27,"36":27,"37":1,"38":27,"39":1,"40":33,"41":66,"42":66,"43":66,"44":1,"45":27,"46":27,"47":2,"48":2,"49":1,"50":27,"51":27,"52":1,"53":27,"54":1,"55":27,"56":54,"57":54,"58":54,"59":54,"60":1,"61":27,"62":34,"63":34,"64":34,"65":34,"66":34,"67":34,"68":1,"69":34,"70":0,"71":34,"72":1,"73":27,"74":27,"75":6,"76":6,"77":5,"78":5,"79":5,"80":1,"81":1,"82":1,"83":6,"84":6,"85":6,"86":6,"87":6,"88":1,"89":40,"90":40,"91":14,"92":26,"93":1,"94":2,"95":2,"96":1,"97":138,"98":138,"99":138,"100":138,"101":138,"102":138,"103":138,"104":138,"105":138,"106":138,"107":138,"108":138,"109":138,"110":138,"111":1,"112":2,"113":1,"114":0,"115":1,"116":34,"117":1,"118":102,"119":102,"120":102,"121":102,"122":36,"123":1,"124":138,"125":1,"126":102,"127":1,"128":66,"129":1,"130":56,"131":1,"132":36,"133":36,"134":36,"135":1,"136":42,"137":0,"138":42,"139":42,"140":1,"141":34,"142":1,"143":34,"144":34,"145":34,"146":22,"147":1,"148":34,"149":1,"150":56,"151":1,"152":34,"153":1,"154":27,"155":62,"156":62,"157":62,"158":62},"b":{"1":[1,0],"2":[0,0],"3":[0,0],"4":[2,25],"5":[27,2],"6":[2,25],"7":[0,34],"8":[34,34],"9":[5,1],"10":[14,26],"11":[36,66],"12":[36,24],"13":[0,42],"14":[42,18],"15":[22,12],"16":[12,22],"17":[62,0],"18":[62,62],"19":[62,0],"20":[62,6]},"f":{"1":1,"2":24,"3":27,"4":0,"5":27,"6":27,"7":27,"8":27,"9":33,"10":66,"11":27,"12":27,"13":27,"14":27,"15":54,"16":27,"17":34,"18":34,"19":27,"20":6,"21":40,"22":2,"23":138,"24":2,"25":0,"26":34,"27":102,"28":138,"29":102,"30":66,"31":56,"32":36,"33":42,"34":34,"35":34,"36":34,"37":56,"38":34,"39":27,"40":62},"fnMap":{"1":{"name":"(anonymous_1)","line":5,"loc":{"start":{"line":5,"column":1},"end":{"line":5,"column":20}}},"2":{"name":"(anonymous_2)","line":8,"loc":{"start":{"line":8,"column":33},"end":{"line":8,"column":45}}},"3":{"name":"(anonymous_3)","line":21,"loc":{"start":{"line":21,"column":17},"end":{"line":21,"column":37}}},"4":{"name":"storeScrollPosition","line":59,"loc":{"start":{"line":59,"column":6},"end":{"line":59,"column":37}}},"5":{"name":"addOpenCloseAllButton","line":68,"loc":{"start":{"line":68,"column":6},"end":{"line":68,"column":39}}},"6":{"name":"addIconsToSubsections","line":72,"loc":{"start":{"line":72,"column":6},"end":{"line":72,"column":39}}},"7":{"name":"addAriaControlsAttrForOpenCloseAllButton","line":76,"loc":{"start":{"line":76,"column":6},"end":{"line":76,"column":58}}},"8":{"name":"closeAllSections","line":87,"loc":{"start":{"line":87,"column":6},"end":{"line":87,"column":34}}},"9":{"name":"setAllSectionsOpenState","line":91,"loc":{"start":{"line":91,"column":6},"end":{"line":91,"column":47}}},"10":{"name":"(anonymous_10)","line":92,"loc":{"start":{"line":92,"column":29},"end":{"line":92,"column":41}}},"11":{"name":"openLinkedSection","line":99,"loc":{"start":{"line":99,"column":6},"end":{"line":99,"column":35}}},"12":{"name":"getSubsectionForAnchor","line":108,"loc":{"start":{"line":108,"column":6},"end":{"line":108,"column":40}}},"13":{"name":"getActiveAnchor","line":116,"loc":{"start":{"line":116,"column":6},"end":{"line":116,"column":33}}},"14":{"name":"addButtonstoSections","line":120,"loc":{"start":{"line":120,"column":6},"end":{"line":120,"column":38}}},"15":{"name":"(anonymous_15)","line":121,"loc":{"start":{"line":121,"column":29},"end":{"line":121,"column":41}}},"16":{"name":"bindToggleForSubsections","line":134,"loc":{"start":{"line":134,"column":6},"end":{"line":134,"column":58}}},"17":{"name":"(anonymous_17)","line":135,"loc":{"start":{"line":135,"column":48},"end":{"line":135,"column":65}}},"18":{"name":"preventLinkFollowingForCurrentTab","line":148,"loc":{"start":{"line":148,"column":6},"end":{"line":148,"column":56}}},"19":{"name":"bindToggleOpenCloseAllButton","line":158,"loc":{"start":{"line":158,"column":6},"end":{"line":158,"column":62}}},"20":{"name":"(anonymous_20)","line":160,"loc":{"start":{"line":160,"column":42},"end":{"line":160,"column":54}}},"21":{"name":"setOpenCloseAllText","line":188,"loc":{"start":{"line":188,"column":6},"end":{"line":188,"column":37}}},"22":{"name":"escapeSelector","line":200,"loc":{"start":{"line":200,"column":6},"end":{"line":200,"column":33}}},"23":{"name":"SubsectionView","line":206,"loc":{"start":{"line":206,"column":4},"end":{"line":206,"column":48}}},"24":{"name":"open","line":224,"loc":{"start":{"line":224,"column":6},"end":{"line":224,"column":22}}},"25":{"name":"close","line":228,"loc":{"start":{"line":228,"column":6},"end":{"line":228,"column":23}}},"26":{"name":"toggle","line":232,"loc":{"start":{"line":232,"column":6},"end":{"line":232,"column":24}}},"27":{"name":"setIsOpen","line":236,"loc":{"start":{"line":236,"column":6},"end":{"line":236,"column":33}}},"28":{"name":"isOpen","line":246,"loc":{"start":{"line":246,"column":6},"end":{"line":246,"column":24}}},"29":{"name":"isClosed","line":250,"loc":{"start":{"line":250,"column":6},"end":{"line":250,"column":26}}},"30":{"name":"preventHashUpdate","line":254,"loc":{"start":{"line":254,"column":6},"end":{"line":254,"column":35}}},"31":{"name":"numberOfContentItems","line":258,"loc":{"start":{"line":258,"column":6},"end":{"line":258,"column":38}}},"32":{"name":"updateHash","line":263,"loc":{"start":{"line":263,"column":4},"end":{"line":263,"column":44}}},"33":{"name":"setHash","line":270,"loc":{"start":{"line":270,"column":4},"end":{"line":270,"column":27}}},"34":{"name":"SubsectionToggleClick","line":279,"loc":{"start":{"line":279,"column":4},"end":{"line":279,"column":83}}},"35":{"name":"trackClick","line":282,"loc":{"start":{"line":282,"column":6},"end":{"line":282,"column":28}}},"36":{"name":"trackingLabel","line":299,"loc":{"start":{"line":299,"column":6},"end":{"line":299,"column":31}}},"37":{"name":"subsectionIndex","line":303,"loc":{"start":{"line":303,"column":6},"end":{"line":303,"column":33}}},"38":{"name":"trackingAction","line":307,"loc":{"start":{"line":307,"column":6},"end":{"line":307,"column":32}}},"39":{"name":"AccordionTracker","line":314,"loc":{"start":{"line":314,"column":4},"end":{"line":314,"column":48}}},"40":{"name":"(anonymous_40)","line":315,"loc":{"start":{"line":315,"column":19},"end":{"line":315,"column":55}}}},"statementMap":{"1":{"start":{"line":3,"column":0},"end":{"line":3,"column":50}},"2":{"start":{"line":5,"column":0},"end":{"line":324,"column":25}},"3":{"start":{"line":8,"column":2},"end":{"line":323,"column":4}},"4":{"start":{"line":10,"column":4},"end":{"line":19,"column":6}},"5":{"start":{"line":21,"column":4},"end":{"line":204,"column":6}},"6":{"start":{"line":23,"column":6},"end":{"line":23,"column":44}},"7":{"start":{"line":26,"column":6},"end":{"line":26,"column":51}},"8":{"start":{"line":29,"column":6},"end":{"line":29,"column":40}},"9":{"start":{"line":31,"column":6},"end":{"line":31,"column":54}},"10":{"start":{"line":32,"column":6},"end":{"line":32,"column":65}},"11":{"start":{"line":33,"column":6},"end":{"line":33,"column":63}},"12":{"start":{"line":35,"column":6},"end":{"line":35,"column":32}},"13":{"start":{"line":37,"column":6},"end":{"line":37,"column":68}},"14":{"start":{"line":39,"column":6},"end":{"line":39,"column":29}},"15":{"start":{"line":40,"column":6},"end":{"line":40,"column":30}},"16":{"start":{"line":41,"column":6},"end":{"line":41,"column":30}},"17":{"start":{"line":42,"column":6},"end":{"line":42,"column":49}},"18":{"start":{"line":44,"column":6},"end":{"line":44,"column":25}},"19":{"start":{"line":45,"column":6},"end":{"line":45,"column":26}},"20":{"start":{"line":47,"column":6},"end":{"line":47,"column":49}},"21":{"start":{"line":48,"column":6},"end":{"line":48,"column":53}},"22":{"start":{"line":59,"column":6},"end":{"line":66,"column":7}},"23":{"start":{"line":60,"column":8},"end":{"line":60,"column":27}},"24":{"start":{"line":61,"column":8},"end":{"line":61,"column":51}},"25":{"start":{"line":63,"column":8},"end":{"line":65,"column":14}},"26":{"start":{"line":68,"column":6},"end":{"line":70,"column":7}},"27":{"start":{"line":69,"column":8},"end":{"line":69,"column":255}},"28":{"start":{"line":72,"column":6},"end":{"line":74,"column":7}},"29":{"start":{"line":73,"column":8},"end":{"line":73,"column":81}},"30":{"start":{"line":76,"column":6},"end":{"line":85,"column":7}},"31":{"start":{"line":77,"column":8},"end":{"line":77,"column":35}},"32":{"start":{"line":78,"column":8},"end":{"line":78,"column":58}},"33":{"start":{"line":79,"column":8},"end":{"line":81,"column":9}},"34":{"start":{"line":80,"column":10},"end":{"line":80,"column":60}},"35":{"start":{"line":83,"column":8},"end":{"line":83,"column":77}},"36":{"start":{"line":84,"column":8},"end":{"line":84,"column":71}},"37":{"start":{"line":87,"column":6},"end":{"line":89,"column":7}},"38":{"start":{"line":88,"column":8},"end":{"line":88,"column":39}},"39":{"start":{"line":91,"column":6},"end":{"line":97,"column":7}},"40":{"start":{"line":92,"column":8},"end":{"line":96,"column":11}},"41":{"start":{"line":93,"column":10},"end":{"line":93,"column":59}},"42":{"start":{"line":94,"column":10},"end":{"line":94,"column":45}},"43":{"start":{"line":95,"column":10},"end":{"line":95,"column":43}},"44":{"start":{"line":99,"column":6},"end":{"line":106,"column":7}},"45":{"start":{"line":100,"column":8},"end":{"line":100,"column":51}},"46":{"start":{"line":102,"column":8},"end":{"line":105,"column":9}},"47":{"start":{"line":103,"column":10},"end":{"line":103,"column":63}},"48":{"start":{"line":104,"column":10},"end":{"line":104,"column":32}},"49":{"start":{"line":108,"column":6},"end":{"line":114,"column":7}},"50":{"start":{"line":109,"column":8},"end":{"line":109,"column":39}},"51":{"start":{"line":111,"column":8},"end":{"line":113,"column":17}},"52":{"start":{"line":116,"column":6},"end":{"line":118,"column":7}},"53":{"start":{"line":117,"column":8},"end":{"line":117,"column":47}},"54":{"start":{"line":120,"column":6},"end":{"line":132,"column":7}},"55":{"start":{"line":121,"column":8},"end":{"line":131,"column":11}},"56":{"start":{"line":122,"column":10},"end":{"line":122,"column":33}},"57":{"start":{"line":123,"column":10},"end":{"line":123,"column":58}},"58":{"start":{"line":124,"column":10},"end":{"line":124,"column":72}},"59":{"start":{"line":126,"column":10},"end":{"line":130,"column":26}},"60":{"start":{"line":134,"column":6},"end":{"line":146,"column":7}},"61":{"start":{"line":135,"column":8},"end":{"line":145,"column":11}},"62":{"start":{"line":136,"column":10},"end":{"line":136,"column":51}},"63":{"start":{"line":138,"column":10},"end":{"line":138,"column":82}},"64":{"start":{"line":139,"column":10},"end":{"line":139,"column":34}},"65":{"start":{"line":141,"column":10},"end":{"line":141,"column":102}},"66":{"start":{"line":142,"column":10},"end":{"line":142,"column":30}},"67":{"start":{"line":144,"column":10},"end":{"line":144,"column":32}},"68":{"start":{"line":148,"column":6},"end":{"line":156,"column":7}},"69":{"start":{"line":151,"column":8},"end":{"line":153,"column":9}},"70":{"start":{"line":152,"column":10},"end":{"line":152,"column":17}},"71":{"start":{"line":155,"column":8},"end":{"line":155,"column":31}},"72":{"start":{"line":158,"column":6},"end":{"line":186,"column":7}},"73":{"start":{"line":159,"column":8},"end":{"line":159,"column":77}},"74":{"start":{"line":160,"column":8},"end":{"line":185,"column":11}},"75":{"start":{"line":161,"column":10},"end":{"line":161,"column":28}},"76":{"start":{"line":163,"column":10},"end":{"line":177,"column":11}},"77":{"start":{"line":164,"column":12},"end":{"line":164,"column":72}},"78":{"start":{"line":165,"column":12},"end":{"line":165,"column":33}},"79":{"start":{"line":167,"column":12},"end":{"line":169,"column":15}},"80":{"start":{"line":171,"column":12},"end":{"line":171,"column":71}},"81":{"start":{"line":172,"column":12},"end":{"line":172,"column":34}},"82":{"start":{"line":174,"column":12},"end":{"line":176,"column":15}},"83":{"start":{"line":179,"column":10},"end":{"line":179,"column":49}},"84":{"start":{"line":180,"column":10},"end":{"line":180,"column":69}},"85":{"start":{"line":181,"column":10},"end":{"line":181,"column":32}},"86":{"start":{"line":182,"column":10},"end":{"line":182,"column":24}},"87":{"start":{"line":184,"column":10},"end":{"line":184,"column":23}},"88":{"start":{"line":188,"column":6},"end":{"line":196,"column":7}},"89":{"start":{"line":189,"column":8},"end":{"line":189,"column":71}},"90":{"start":{"line":191,"column":8},"end":{"line":195,"column":9}},"91":{"start":{"line":192,"column":10},"end":{"line":192,"column":70}},"92":{"start":{"line":194,"column":10},"end":{"line":194,"column":69}},"93":{"start":{"line":200,"column":6},"end":{"line":203,"column":7}},"94":{"start":{"line":201,"column":8},"end":{"line":201,"column":74}},"95":{"start":{"line":202,"column":8},"end":{"line":202,"column":45}},"96":{"start":{"line":206,"column":4},"end":{"line":261,"column":5}},"97":{"start":{"line":207,"column":6},"end":{"line":207,"column":75}},"98":{"start":{"line":208,"column":6},"end":{"line":208,"column":68}},"99":{"start":{"line":209,"column":6},"end":{"line":209,"column":34}},"100":{"start":{"line":211,"column":6},"end":{"line":211,"column":71}},"101":{"start":{"line":212,"column":6},"end":{"line":212,"column":42}},"102":{"start":{"line":213,"column":6},"end":{"line":213,"column":40}},"103":{"start":{"line":215,"column":6},"end":{"line":215,"column":23}},"104":{"start":{"line":216,"column":6},"end":{"line":216,"column":25}},"105":{"start":{"line":217,"column":6},"end":{"line":217,"column":27}},"106":{"start":{"line":218,"column":6},"end":{"line":218,"column":33}},"107":{"start":{"line":219,"column":6},"end":{"line":219,"column":27}},"108":{"start":{"line":220,"column":6},"end":{"line":220,"column":31}},"109":{"start":{"line":221,"column":6},"end":{"line":221,"column":49}},"110":{"start":{"line":222,"column":6},"end":{"line":222,"column":55}},"111":{"start":{"line":224,"column":6},"end":{"line":226,"column":7}},"112":{"start":{"line":225,"column":8},"end":{"line":225,"column":24}},"113":{"start":{"line":228,"column":6},"end":{"line":230,"column":7}},"114":{"start":{"line":229,"column":8},"end":{"line":229,"column":25}},"115":{"start":{"line":232,"column":6},"end":{"line":234,"column":7}},"116":{"start":{"line":233,"column":8},"end":{"line":233,"column":30}},"117":{"start":{"line":236,"column":6},"end":{"line":244,"column":7}},"118":{"start":{"line":237,"column":8},"end":{"line":237,"column":66}},"119":{"start":{"line":238,"column":8},"end":{"line":238,"column":61}},"120":{"start":{"line":239,"column":8},"end":{"line":239,"column":49}},"121":{"start":{"line":241,"column":8},"end":{"line":243,"column":9}},"122":{"start":{"line":242,"column":10},"end":{"line":242,"column":41}},"123":{"start":{"line":246,"column":6},"end":{"line":248,"column":7}},"124":{"start":{"line":247,"column":8},"end":{"line":247,"column":62}},"125":{"start":{"line":250,"column":6},"end":{"line":252,"column":7}},"126":{"start":{"line":251,"column":8},"end":{"line":251,"column":25}},"127":{"start":{"line":254,"column":6},"end":{"line":256,"column":7}},"128":{"start":{"line":255,"column":8},"end":{"line":255,"column":33}},"129":{"start":{"line":258,"column":6},"end":{"line":260,"column":7}},"130":{"start":{"line":259,"column":8},"end":{"line":259,"column":52}},"131":{"start":{"line":263,"column":4},"end":{"line":267,"column":5}},"132":{"start":{"line":264,"column":6},"end":{"line":264,"column":66}},"133":{"start":{"line":265,"column":6},"end":{"line":265,"column":80}},"134":{"start":{"line":266,"column":6},"end":{"line":266,"column":19}},"135":{"start":{"line":270,"column":4},"end":{"line":277,"column":5}},"136":{"start":{"line":271,"column":6},"end":{"line":273,"column":7}},"137":{"start":{"line":272,"column":8},"end":{"line":272,"column":15}},"138":{"start":{"line":275,"column":6},"end":{"line":275,"column":68}},"139":{"start":{"line":276,"column":6},"end":{"line":276,"column":48}},"140":{"start":{"line":279,"column":4},"end":{"line":310,"column":5}},"141":{"start":{"line":280,"column":6},"end":{"line":280,"column":30}},"142":{"start":{"line":282,"column":6},"end":{"line":297,"column":7}},"143":{"start":{"line":283,"column":8},"end":{"line":283,"column":118}},"144":{"start":{"line":284,"column":8},"end":{"line":284,"column":93}},"145":{"start":{"line":286,"column":8},"end":{"line":296,"column":9}},"146":{"start":{"line":287,"column":10},"end":{"line":295,"column":11}},"147":{"start":{"line":299,"column":6},"end":{"line":301,"column":7}},"148":{"start":{"line":300,"column":8},"end":{"line":300,"column":63}},"149":{"start":{"line":303,"column":6},"end":{"line":305,"column":7}},"150":{"start":{"line":304,"column":8},"end":{"line":304,"column":62}},"151":{"start":{"line":307,"column":6},"end":{"line":309,"column":7}},"152":{"start":{"line":308,"column":8},"end":{"line":308,"column":83}},"153":{"start":{"line":314,"column":4},"end":{"line":322,"column":5}},"154":{"start":{"line":315,"column":6},"end":{"line":321,"column":7}},"155":{"start":{"line":316,"column":8},"end":{"line":320,"column":9}},"156":{"start":{"line":317,"column":10},"end":{"line":317,"column":34}},"157":{"start":{"line":318,"column":10},"end":{"line":318,"column":89}},"158":{"start":{"line":319,"column":10},"end":{"line":319,"column":64}}},"branchMap":{"1":{"line":3,"type":"binary-expr","locations":[{"start":{"line":3,"column":23},"end":{"line":3,"column":43}},{"start":{"line":3,"column":47},"end":{"line":3,"column":49}}]},"2":{"line":63,"type":"cond-expr","locations":[{"start":{"line":64,"column":12},"end":{"line":64,"column":36}},{"start":{"line":65,"column":12},"end":{"line":65,"column":13}}]},"3":{"line":63,"type":"binary-expr","locations":[{"start":{"line":63,"column":34},"end":{"line":63,"column":45}},{"start":{"line":63,"column":49},"end":{"line":63,"column":67}}]},"4":{"line":102,"type":"if","locations":[{"start":{"line":102,"column":8},"end":{"line":102,"column":8}},{"start":{"line":102,"column":8},"end":{"line":102,"column":8}}]},"5":{"line":102,"type":"binary-expr","locations":[{"start":{"line":102,"column":12},"end":{"line":102,"column":23}},{"start":{"line":102,"column":27},"end":{"line":102,"column":45}}]},"6":{"line":111,"type":"cond-expr","locations":[{"start":{"line":112,"column":12},"end":{"line":112,"column":65}},{"start":{"line":113,"column":12},"end":{"line":113,"column":16}}]},"7":{"line":151,"type":"if","locations":[{"start":{"line":151,"column":8},"end":{"line":151,"column":8}},{"start":{"line":151,"column":8},"end":{"line":151,"column":8}}]},"8":{"line":151,"type":"binary-expr","locations":[{"start":{"line":151,"column":12},"end":{"line":151,"column":25}},{"start":{"line":151,"column":29},"end":{"line":151,"column":42}}]},"9":{"line":163,"type":"if","locations":[{"start":{"line":163,"column":10},"end":{"line":163,"column":10}},{"start":{"line":163,"column":10},"end":{"line":163,"column":10}}]},"10":{"line":191,"type":"if","locations":[{"start":{"line":191,"column":8},"end":{"line":191,"column":8}},{"start":{"line":191,"column":8},"end":{"line":191,"column":8}}]},"11":{"line":241,"type":"if","locations":[{"start":{"line":241,"column":8},"end":{"line":241,"column":8}},{"start":{"line":241,"column":8},"end":{"line":241,"column":8}}]},"12":{"line":265,"type":"binary-expr","locations":[{"start":{"line":265,"column":17},"end":{"line":265,"column":40}},{"start":{"line":265,"column":44},"end":{"line":265,"column":79}}]},"13":{"line":271,"type":"if","locations":[{"start":{"line":271,"column":6},"end":{"line":271,"column":6}},{"start":{"line":271,"column":6},"end":{"line":271,"column":6}}]},"14":{"line":275,"type":"binary-expr","locations":[{"start":{"line":275,"column":24},"end":{"line":275,"column":28}},{"start":{"line":275,"column":32},"end":{"line":275,"column":67}}]},"15":{"line":286,"type":"if","locations":[{"start":{"line":286,"column":8},"end":{"line":286,"column":8}},{"start":{"line":286,"column":8},"end":{"line":286,"column":8}}]},"16":{"line":308,"type":"cond-expr","locations":[{"start":{"line":308,"column":44},"end":{"line":308,"column":61}},{"start":{"line":308,"column":64},"end":{"line":308,"column":81}}]},"17":{"line":316,"type":"if","locations":[{"start":{"line":316,"column":8},"end":{"line":316,"column":8}},{"start":{"line":316,"column":8},"end":{"line":316,"column":8}}]},"18":{"line":316,"type":"binary-expr","locations":[{"start":{"line":316,"column":12},"end":{"line":316,"column":27}},{"start":{"line":316,"column":31},"end":{"line":316,"column":57}}]},"19":{"line":317,"type":"binary-expr","locations":[{"start":{"line":317,"column":20},"end":{"line":317,"column":27}},{"start":{"line":317,"column":31},"end":{"line":317,"column":33}}]},"20":{"line":318,"type":"binary-expr","locations":[{"start":{"line":318,"column":35},"end":{"line":318,"column":57}},{"start":{"line":318,"column":61},"end":{"line":318,"column":88}}]}}},"/govuk/collections/app/assets/javascripts.bak/modules/coronavirus-landing-page.js":{"path":"/govuk/collections/app/assets/javascripts.bak/modules/coronavirus-landing-page.js","s":{"1":1,"2":1,"3":1,"4":1,"5":1,"6":4,"7":4,"8":1,"9":4,"10":4,"11":1,"12":2,"13":1,"14":1,"15":1,"16":1,"17":1,"18":4,"19":2,"20":2,"21":2,"22":2,"23":2,"24":1},"b":{"1":[1,0],"2":[1,0],"3":[1,3],"4":[1,0],"5":[1,1],"6":[1,1]},"f":{"1":1,"2":4,"3":4,"4":4,"5":2,"6":1,"7":4,"8":2},"fnMap":{"1":{"name":"(anonymous_1)","line":4,"loc":{"start":{"line":4,"column":1},"end":{"line":4,"column":20}}},"2":{"name":"CoronavirusLandingPage","line":5,"loc":{"start":{"line":5,"column":2},"end":{"line":5,"column":37}}},"3":{"name":"(anonymous_3)","line":7,"loc":{"start":{"line":7,"column":43},"end":{"line":7,"column":63}}},"4":{"name":"(anonymous_4)","line":15,"loc":{"start":{"line":15,"column":22},"end":{"line":15,"column":33}}},"5":{"name":"(anonymous_5)","line":20,"loc":{"start":{"line":20,"column":56},"end":{"line":20,"column":68}}},"6":{"name":"(anonymous_6)","line":24,"loc":{"start":{"line":24,"column":51},"end":{"line":24,"column":63}}},"7":{"name":"(anonymous_7)","line":34,"loc":{"start":{"line":34,"column":65},"end":{"line":34,"column":85}}},"8":{"name":"(anonymous_8)","line":35,"loc":{"start":{"line":35,"column":60},"end":{"line":35,"column":72}}}},"statementMap":{"1":{"start":{"line":1,"column":0},"end":{"line":1,"column":33}},"2":{"start":{"line":2,"column":0},"end":{"line":2,"column":50}},"3":{"start":{"line":4,"column":0},"end":{"line":46,"column":24}},"4":{"start":{"line":5,"column":2},"end":{"line":5,"column":39}},"5":{"start":{"line":7,"column":2},"end":{"line":18,"column":3}},"6":{"start":{"line":8,"column":4},"end":{"line":8,"column":20}},"7":{"start":{"line":10,"column":4},"end":{"line":12,"column":5}},"8":{"start":{"line":11,"column":6},"end":{"line":11,"column":26}},"9":{"start":{"line":15,"column":4},"end":{"line":17,"column":6}},"10":{"start":{"line":16,"column":6},"end":{"line":16,"column":49}},"11":{"start":{"line":20,"column":2},"end":{"line":22,"column":3}},"12":{"start":{"line":21,"column":4},"end":{"line":21,"column":54}},"13":{"start":{"line":24,"column":2},"end":{"line":32,"column":3}},"14":{"start":{"line":25,"column":4},"end":{"line":31,"column":5}},"15":{"start":{"line":27,"column":6},"end":{"line":27,"column":91}},"16":{"start":{"line":30,"column":6},"end":{"line":30,"column":124}},"17":{"start":{"line":34,"column":2},"end":{"line":43,"column":3}},"18":{"start":{"line":35,"column":4},"end":{"line":42,"column":6}},"19":{"start":{"line":36,"column":6},"end":{"line":36,"column":64}},"20":{"start":{"line":37,"column":6},"end":{"line":37,"column":59}},"21":{"start":{"line":38,"column":6},"end":{"line":38,"column":68}},"22":{"start":{"line":39,"column":6},"end":{"line":39,"column":57}},"23":{"start":{"line":41,"column":6},"end":{"line":41,"column":75}},"24":{"start":{"line":45,"column":2},"end":{"line":45,"column":57}}},"branchMap":{"1":{"line":1,"type":"binary-expr","locations":[{"start":{"line":1,"column":15},"end":{"line":1,"column":27}},{"start":{"line":1,"column":31},"end":{"line":1,"column":33}}]},"2":{"line":2,"type":"binary-expr","locations":[{"start":{"line":2,"column":23},"end":{"line":2,"column":43}},{"start":{"line":2,"column":47},"end":{"line":2,"column":49}}]},"3":{"line":10,"type":"if","locations":[{"start":{"line":10,"column":4},"end":{"line":10,"column":4}},{"start":{"line":10,"column":4},"end":{"line":10,"column":4}}]},"4":{"line":25,"type":"if","locations":[{"start":{"line":25,"column":4},"end":{"line":25,"column":4}},{"start":{"line":25,"column":4},"end":{"line":25,"column":4}}]},"5":{"line":37,"type":"cond-expr","locations":[{"start":{"line":37,"column":30},"end":{"line":37,"column":42}},{"start":{"line":37,"column":45},"end":{"line":37,"column":59}}]},"6":{"line":38,"type":"cond-expr","locations":[{"start":{"line":38,"column":31},"end":{"line":38,"column":48}},{"start":{"line":38,"column":51},"end":{"line":38,"column":68}}]}}},"/govuk/collections/app/assets/javascripts.bak/modules/coronavirus-track-local-restrictions.js":{"path":"/govuk/collections/app/assets/javascripts.bak/modules/coronavirus-track-local-restrictions.js","s":{"1":1,"2":1,"3":1,"4":1,"5":1,"6":2,"7":2,"8":1,"9":2,"10":1,"11":1,"12":1,"13":2,"14":2,"15":1,"16":1,"17":1},"b":{"1":[1,0],"2":[1,0],"3":[1,1]},"f":{"1":1,"2":2,"3":2,"4":2,"5":1,"6":2},"fnMap":{"1":{"name":"(anonymous_1)","line":4,"loc":{"start":{"line":4,"column":1},"end":{"line":4,"column":20}}},"2":{"name":"CoronavirusTrackLocalRestrictions","line":5,"loc":{"start":{"line":5,"column":2},"end":{"line":5,"column":48}}},"3":{"name":"(anonymous_3)","line":7,"loc":{"start":{"line":7,"column":54},"end":{"line":7,"column":73}}},"4":{"name":"(anonymous_4)","line":12,"loc":{"start":{"line":12,"column":78},"end":{"line":12,"column":97}}},"5":{"name":"(anonymous_5)","line":14,"loc":{"start":{"line":14,"column":34},"end":{"line":14,"column":49}}},"6":{"name":"(anonymous_6)","line":23,"loc":{"start":{"line":23,"column":69},"end":{"line":23,"column":88}}}},"statementMap":{"1":{"start":{"line":1,"column":0},"end":{"line":1,"column":33}},"2":{"start":{"line":2,"column":0},"end":{"line":2,"column":50}},"3":{"start":{"line":4,"column":0},"end":{"line":37,"column":24}},"4":{"start":{"line":5,"column":2},"end":{"line":5,"column":50}},"5":{"start":{"line":7,"column":2},"end":{"line":10,"column":3}},"6":{"start":{"line":8,"column":4},"end":{"line":8,"column":50}},"7":{"start":{"line":9,"column":4},"end":{"line":9,"column":41}},"8":{"start":{"line":12,"column":2},"end":{"line":21,"column":3}},"9":{"start":{"line":13,"column":4},"end":{"line":20,"column":8}},"10":{"start":{"line":15,"column":8},"end":{"line":17,"column":9}},"11":{"start":{"line":19,"column":8},"end":{"line":19,"column":101}},"12":{"start":{"line":23,"column":2},"end":{"line":34,"column":3}},"13":{"start":{"line":24,"column":4},"end":{"line":24,"column":97}},"14":{"start":{"line":26,"column":4},"end":{"line":33,"column":5}},"15":{"start":{"line":27,"column":6},"end":{"line":30,"column":7}},"16":{"start":{"line":32,"column":6},"end":{"line":32,"column":115}},"17":{"start":{"line":36,"column":2},"end":{"line":36,"column":79}}},"branchMap":{"1":{"line":1,"type":"binary-expr","locations":[{"start":{"line":1,"column":15},"end":{"line":1,"column":27}},{"start":{"line":1,"column":31},"end":{"line":1,"column":33}}]},"2":{"line":2,"type":"binary-expr","locations":[{"start":{"line":2,"column":23},"end":{"line":2,"column":43}},{"start":{"line":2,"column":47},"end":{"line":2,"column":49}}]},"3":{"line":26,"type":"if","locations":[{"start":{"line":26,"column":4},"end":{"line":26,"column":4}},{"start":{"line":26,"column":4},"end":{"line":26,"column":4}}]}}},"/govuk/collections/app/assets/javascripts.bak/modules/coronavirus-track-local-restriction-results.js":{"path":"/govuk/collections/app/assets/javascripts.bak/modules/coronavirus-track-local-restriction-results.js","s":{"1":1,"2":1,"3":1,"4":1,"5":1,"6":1,"7":1,"8":1,"9":1,"10":1,"11":1},"b":{"1":[1,0],"2":[1,0]},"f":{"1":1,"2":1,"3":1,"4":1},"fnMap":{"1":{"name":"(anonymous_1)","line":4,"loc":{"start":{"line":4,"column":1},"end":{"line":4,"column":20}}},"2":{"name":"CoronavirusTrackLocalRestrictionResults","line":5,"loc":{"start":{"line":5,"column":2},"end":{"line":5,"column":54}}},"3":{"name":"(anonymous_3)","line":7,"loc":{"start":{"line":7,"column":60},"end":{"line":7,"column":79}}},"4":{"name":"(anonymous_4)","line":11,"loc":{"start":{"line":11,"column":72},"end":{"line":11,"column":91}}}},"statementMap":{"1":{"start":{"line":1,"column":0},"end":{"line":1,"column":33}},"2":{"start":{"line":2,"column":0},"end":{"line":2,"column":50}},"3":{"start":{"line":4,"column":0},"end":{"line":23,"column":24}},"4":{"start":{"line":5,"column":2},"end":{"line":5,"column":56}},"5":{"start":{"line":7,"column":2},"end":{"line":9,"column":3}},"6":{"start":{"line":8,"column":4},"end":{"line":8,"column":38}},"7":{"start":{"line":11,"column":2},"end":{"line":20,"column":3}},"8":{"start":{"line":12,"column":4},"end":{"line":12,"column":59}},"9":{"start":{"line":14,"column":4},"end":{"line":17,"column":5}},"10":{"start":{"line":19,"column":4},"end":{"line":19,"column":95}},"11":{"start":{"line":22,"column":2},"end":{"line":22,"column":91}}},"branchMap":{"1":{"line":1,"type":"binary-expr","locations":[{"start":{"line":1,"column":15},"end":{"line":1,"column":27}},{"start":{"line":1,"column":31},"end":{"line":1,"column":33}}]},"2":{"line":2,"type":"binary-expr","locations":[{"start":{"line":2,"column":23},"end":{"line":2,"column":43}},{"start":{"line":2,"column":47},"end":{"line":2,"column":49}}]}}},"/govuk/collections/app/assets/javascripts.bak/modules/track-timeline-links.js":{"path":"/govuk/collections/app/assets/javascripts.bak/modules/track-timeline-links.js","s":{"1":1,"2":1,"3":1,"4":1,"5":2,"6":2,"7":2,"8":4,"9":4,"10":2,"11":2},"b":{"1":[1,0],"2":[1,0]},"f":{"1":1,"2":2,"3":2,"4":2},"fnMap":{"1":{"name":"(anonymous_1)","line":4,"loc":{"start":{"line":4,"column":1},"end":{"line":4,"column":20}}},"2":{"name":"(anonymous_2)","line":7,"loc":{"start":{"line":7,"column":31},"end":{"line":7,"column":43}}},"3":{"name":"(anonymous_3)","line":8,"loc":{"start":{"line":8,"column":17},"end":{"line":8,"column":36}}},"4":{"name":"(anonymous_4)","line":13,"loc":{"start":{"line":13,"column":39},"end":{"line":13,"column":51}}}},"statementMap":{"1":{"start":{"line":1,"column":0},"end":{"line":1,"column":33}},"2":{"start":{"line":2,"column":0},"end":{"line":2,"column":50}},"3":{"start":{"line":4,"column":0},"end":{"line":24,"column":24}},"4":{"start":{"line":7,"column":2},"end":{"line":23,"column":3}},"5":{"start":{"line":8,"column":4},"end":{"line":22,"column":5}},"6":{"start":{"line":9,"column":6},"end":{"line":9,"column":54}},"7":{"start":{"line":11,"column":6},"end":{"line":21,"column":7}},"8":{"start":{"line":12,"column":8},"end":{"line":12,"column":28}},"9":{"start":{"line":13,"column":8},"end":{"line":20,"column":10}},"10":{"start":{"line":14,"column":10},"end":{"line":17,"column":11}},"11":{"start":{"line":19,"column":10},"end":{"line":19,"column":83}}},"branchMap":{"1":{"line":1,"type":"binary-expr","locations":[{"start":{"line":1,"column":15},"end":{"line":1,"column":27}},{"start":{"line":1,"column":31},"end":{"line":1,"column":33}}]},"2":{"line":2,"type":"binary-expr","locations":[{"start":{"line":2,"column":23},"end":{"line":2,"column":43}},{"start":{"line":2,"column":47},"end":{"line":2,"column":49}}]}}}}
